  Ball.cpp
  Cannon.cpp
c:\users\lagslayer\source\repos\bubble shooter\cpts122pa9\cannon.cpp(18): warning C4305: 'argument': truncation from 'double' to 'float'
c:\users\lagslayer\source\repos\bubble shooter\cpts122pa9\cannon.cpp(27): warning C4305: 'argument': truncation from 'double' to 'float'
  GameWrapper.cpp
c:\users\lagslayer\source\repos\bubble shooter\cpts122pa9\gamewrapper.cpp(5): warning C4101: 'wellHelloThere': unreferenced local variable
c:\users\lagslayer\source\repos\bubble shooter\cpts122pa9\gamewrapper.cpp(25): warning C4244: 'argument': conversion from 'T' to 'float', possible loss of data
          with
          [
              T=unsigned int
          ]
c:\users\lagslayer\source\repos\bubble shooter\cpts122pa9\gamewrapper.cpp(27): warning C4244: 'initializing': conversion from 'T' to 'float', possible loss of data
          with
          [
              T=unsigned int
          ]
c:\users\lagslayer\source\repos\bubble shooter\cpts122pa9\gamewrapper.cpp(28): warning C4244: 'initializing': conversion from 'T' to 'float', possible loss of data
          with
          [
              T=unsigned int
          ]
c:\users\lagslayer\source\repos\bubble shooter\cpts122pa9\gamewrapper.cpp(36): warning C4244: 'argument': conversion from 'T' to 'float', possible loss of data
          with
          [
              T=unsigned int
          ]
c:\users\lagslayer\source\repos\bubble shooter\cpts122pa9\gamewrapper.cpp(38): warning C4244: 'initializing': conversion from 'T' to 'float', possible loss of data
          with
          [
              T=unsigned int
          ]
c:\users\lagslayer\source\repos\bubble shooter\cpts122pa9\gamewrapper.cpp(39): warning C4244: 'initializing': conversion from 'T' to 'float', possible loss of data
          with
          [
              T=unsigned int
          ]
c:\users\lagslayer\source\repos\bubble shooter\cpts122pa9\gamewrapper.cpp(48): warning C4244: 'argument': conversion from 'T' to 'float', possible loss of data
          with
          [
              T=unsigned int
          ]
c:\users\lagslayer\source\repos\bubble shooter\cpts122pa9\gamewrapper.cpp(50): warning C4244: 'initializing': conversion from 'T' to 'float', possible loss of data
          with
          [
              T=unsigned int
          ]
c:\users\lagslayer\source\repos\bubble shooter\cpts122pa9\gamewrapper.cpp(51): warning C4244: 'initializing': conversion from 'T' to 'float', possible loss of data
          with
          [
              T=unsigned int
          ]
c:\users\lagslayer\source\repos\bubble shooter\cpts122pa9\gamewrapper.cpp(59): warning C4244: 'argument': conversion from 'T' to 'float', possible loss of data
          with
          [
              T=unsigned int
          ]
c:\users\lagslayer\source\repos\bubble shooter\cpts122pa9\gamewrapper.cpp(61): warning C4244: 'initializing': conversion from 'T' to 'float', possible loss of data
          with
          [
              T=unsigned int
          ]
c:\users\lagslayer\source\repos\bubble shooter\cpts122pa9\gamewrapper.cpp(62): warning C4244: 'initializing': conversion from 'T' to 'float', possible loss of data
          with
          [
              T=unsigned int
          ]
c:\users\lagslayer\source\repos\bubble shooter\cpts122pa9\gamewrapper.cpp(70): warning C4244: 'argument': conversion from 'T' to 'float', possible loss of data
          with
          [
              T=unsigned int
          ]
c:\users\lagslayer\source\repos\bubble shooter\cpts122pa9\gamewrapper.cpp(72): warning C4244: 'initializing': conversion from 'T' to 'float', possible loss of data
          with
          [
              T=unsigned int
          ]
c:\users\lagslayer\source\repos\bubble shooter\cpts122pa9\gamewrapper.cpp(73): warning C4244: 'initializing': conversion from 'T' to 'float', possible loss of data
          with
          [
              T=unsigned int
          ]
c:\users\lagslayer\source\repos\bubble shooter\cpts122pa9\gamewrapper.cpp(263): warning C4244: 'argument': conversion from 'T' to 'T', possible loss of data
          with
          [
              T=unsigned int
          ]
          and
          [
              T=float
          ]
c:\users\lagslayer\source\repos\bubble shooter\cpts122pa9\gamewrapper.cpp(325): warning C4101: 'event2': unreferenced local variable
c:\users\lagslayer\source\repos\bubble shooter\cpts122pa9\gamewrapper.cpp(430): warning C4244: 'argument': conversion from 'int' to 'float', possible loss of data
c:\users\lagslayer\source\repos\bubble shooter\cpts122pa9\gamewrapper.cpp(440): warning C4244: 'initializing': conversion from 'double' to 'float', possible loss of data
  Grid.cpp
c:\users\lagslayer\source\repos\bubble shooter\cpts122pa9\grid.cpp(31): warning C4244: 'argument': conversion from 'int' to 'float', possible loss of data
  List.cpp
  main.cpp
c:\users\lagslayer\source\repos\bubble shooter\cpts122pa9\main.cpp(20): warning C4244: 'argument': conversion from 'time_t' to 'unsigned int', possible loss of data
  Scores.cpp
  Sound.cpp
  Test.cpp
c:\users\lagslayer\source\repos\bubble shooter\cpts122pa9\test.cpp(34): warning C4244: 'argument': conversion from 'T' to 'float', possible loss of data
          with
          [
              T=unsigned int
          ]
c:\users\lagslayer\source\repos\bubble shooter\cpts122pa9\test.cpp(72): warning C4244: 'argument': conversion from 'T' to 'float', possible loss of data
          with
          [
              T=unsigned int
          ]
c:\users\lagslayer\source\repos\bubble shooter\cpts122pa9\test.cpp(79): warning C4244: 'argument': conversion from 'T' to 'T', possible loss of data
          with
          [
              T=unsigned int
          ]
          and
          [
              T=float
          ]
  Generating Code...
  CPTS122PA9.vcxproj -> C:\Users\lagslayer\source\repos\Bubble Shooter\Debug\CPTS122PA9.exe
