  main.c
c:\users\erik\onedrive - washington state university (email.wsu.edu)\cpts 122\pa1\pa1\main.c(16): warning C4047: '=': 'FitbitData *' differs in levels of indirection from 'FitbitData (*)[1442]'
c:\users\erik\onedrive - washington state university (email.wsu.edu)\cpts 122\pa1\pa1\main.c(27): warning C4996: 'fopen': This function or variable may be unsafe. Consider using fopen_s instead. To disable deprecation, use _CRT_SECURE_NO_WARNINGS. See online help for details.
  c:\program files (x86)\windows kits\10\include\10.0.10240.0\ucrt\stdio.h(205): note: see declaration of 'fopen'
c:\users\erik\onedrive - washington state university (email.wsu.edu)\cpts 122\pa1\pa1\main.c(28): warning C4996: 'fopen': This function or variable may be unsafe. Consider using fopen_s instead. To disable deprecation, use _CRT_SECURE_NO_WARNINGS. See online help for details.
  c:\program files (x86)\windows kits\10\include\10.0.10240.0\ucrt\stdio.h(205): note: see declaration of 'fopen'
  functions.c
c:\users\erik\onedrive - washington state university (email.wsu.edu)\cpts 122\pa1\pa1\functions.c(25): warning C4996: 'strcpy': This function or variable may be unsafe. Consider using strcpy_s instead. To disable deprecation, use _CRT_SECURE_NO_WARNINGS. See online help for details.
  c:\program files (x86)\windows kits\10\include\10.0.10240.0\ucrt\string.h(119): note: see declaration of 'strcpy'
c:\users\erik\onedrive - washington state university (email.wsu.edu)\cpts 122\pa1\pa1\functions.c(58): warning C4996: 'strcpy': This function or variable may be unsafe. Consider using strcpy_s instead. To disable deprecation, use _CRT_SECURE_NO_WARNINGS. See online help for details.
  c:\program files (x86)\windows kits\10\include\10.0.10240.0\ucrt\string.h(119): note: see declaration of 'strcpy'
c:\users\erik\onedrive - washington state university (email.wsu.edu)\cpts 122\pa1\pa1\functions.c(59): warning C4996: 'strcpy': This function or variable may be unsafe. Consider using strcpy_s instead. To disable deprecation, use _CRT_SECURE_NO_WARNINGS. See online help for details.
  c:\program files (x86)\windows kits\10\include\10.0.10240.0\ucrt\string.h(119): note: see declaration of 'strcpy'
c:\users\erik\onedrive - washington state university (email.wsu.edu)\cpts 122\pa1\pa1\functions.c(60): warning C4996: 'strtok': This function or variable may be unsafe. Consider using strtok_s instead. To disable deprecation, use _CRT_SECURE_NO_WARNINGS. See online help for details.
  c:\program files (x86)\windows kits\10\include\10.0.10240.0\ucrt\string.h(453): note: see declaration of 'strtok'
c:\users\erik\onedrive - washington state university (email.wsu.edu)\cpts 122\pa1\pa1\functions.c(61): warning C4996: 'strtok': This function or variable may be unsafe. Consider using strtok_s instead. To disable deprecation, use _CRT_SECURE_NO_WARNINGS. See online help for details.
  c:\program files (x86)\windows kits\10\include\10.0.10240.0\ucrt\string.h(453): note: see declaration of 'strtok'
c:\users\erik\onedrive - washington state university (email.wsu.edu)\cpts 122\pa1\pa1\functions.c(62): warning C4996: 'strtok': This function or variable may be unsafe. Consider using strtok_s instead. To disable deprecation, use _CRT_SECURE_NO_WARNINGS. See online help for details.
  c:\program files (x86)\windows kits\10\include\10.0.10240.0\ucrt\string.h(453): note: see declaration of 'strtok'
c:\users\erik\onedrive - washington state university (email.wsu.edu)\cpts 122\pa1\pa1\functions.c(63): warning C4996: 'strtok': This function or variable may be unsafe. Consider using strtok_s instead. To disable deprecation, use _CRT_SECURE_NO_WARNINGS. See online help for details.
  c:\program files (x86)\windows kits\10\include\10.0.10240.0\ucrt\string.h(453): note: see declaration of 'strtok'
c:\users\erik\onedrive - washington state university (email.wsu.edu)\cpts 122\pa1\pa1\functions.c(64): warning C4996: 'strtok': This function or variable may be unsafe. Consider using strtok_s instead. To disable deprecation, use _CRT_SECURE_NO_WARNINGS. See online help for details.
  c:\program files (x86)\windows kits\10\include\10.0.10240.0\ucrt\string.h(453): note: see declaration of 'strtok'
c:\users\erik\onedrive - washington state university (email.wsu.edu)\cpts 122\pa1\pa1\functions.c(65): warning C4996: 'strtok': This function or variable may be unsafe. Consider using strtok_s instead. To disable deprecation, use _CRT_SECURE_NO_WARNINGS. See online help for details.
  c:\program files (x86)\windows kits\10\include\10.0.10240.0\ucrt\string.h(453): note: see declaration of 'strtok'
  Generating Code...
c:\users\erik\onedrive - washington state university (email.wsu.edu)\cpts 122\pa1\pa1\functions.c(178): warning C4716: 'clear': must return a value
c:\users\erik\onedrive - washington state university (email.wsu.edu)\cpts 122\pa1\pa1\functions.c(184): warning C4716: 'cont_promt': must return a value
  PA1.vcxproj -> C:\Users\Erik\OneDrive - Washington State University (email.wsu.edu)\Cpts 122\PA1\Debug\PA1.exe
  PA1.vcxproj -> C:\Users\Erik\OneDrive - Washington State University (email.wsu.edu)\Cpts 122\PA1\Debug\PA1.pdb (Full PDB)
